C51 COMPILER V9.56.0.0   7_SEGMENT                                                         10/09/2016 17:28:04 PAGE 1   


C51 COMPILER V9.56.0.0, COMPILATION OF MODULE 7_SEGMENT
OBJECT MODULE PLACED IN .\Objects\7 segment.obj
COMPILER INVOKED BY: C:\Keil_v5\C51\BIN\C51.EXE 7 segment.c OPTIMIZE(8,SPEED) BROWSE DEBUG OBJECTEXTEND PRINT(.\Listings
                    -\7 segment.lst) TABS(2) OBJECT(.\Objects\7 segment.obj)

line level    source

   1          # include <reg51.h>
   2          void delay(int k) //delay function
   3          {
   4   1      int i,j;
   5   1      for(i=0;i<k;i++)
   6   1        for(j=0;j<1275;j++);
   7   1      }
   8          void main()
   9          {
  10   1        unsigned char i;
  11   1        unsigned char arr[10]={0x3f,0x06,0x5b,0x4f,0x66,0x6d,0x7d,0x07,0x7f,0x67};
  12   1        P2=0x00;  
  13   1        while(1)
  14   1        {
  15   2          for(i=0;i<10;i++)
  16   2          {
  17   3            P2=arr[i];
  18   3            delay(100);
  19   3          }
  20   2          
  21   2        }
  22   1      } 


MODULE INFORMATION:   STATIC OVERLAYABLE
   CODE SIZE        =     82    ----
   CONSTANT SIZE    =     10    ----
   XDATA SIZE       =   ----    ----
   PDATA SIZE       =   ----    ----
   DATA SIZE        =   ----      10
   IDATA SIZE       =   ----    ----
   BIT SIZE         =   ----    ----
END OF MODULE INFORMATION.


C51 COMPILATION COMPLETE.  0 WARNING(S),  0 ERROR(S)
