A51 MACRO ASSEMBLER  7SEGMENT_MODIFIED                                                    10/09/2016 16:40:01 PAGE     1


MACRO ASSEMBLER A51 V8.2.5.0
OBJECT MODULE PLACED IN .\Objects\7SEGMENT MODIFIED.obj
ASSEMBLER INVOKED BY: C:\Keil_v5\C51\BIN\A51.EXE 7SEGMENT MODIFIED.a51 SET(SMALL) DEBUG PRINT(.\Listings\7SEGMENT MODIFI
                      ED.lst) OBJECT(.\Objects\7SEGMENT MODIFIED.obj) EP

LOC  OBJ            LINE     SOURCE

0000                   1     ORG 000H  

0000 7409              2     START: MOV A,#00001001B  

0002 F5F0              3     MOV B,A

0004 780A              4     MOV R0,#0AH  

0006 E5F0              5     LABEL: MOV A,B

0008 04                6     INC A

0009 F5F0              7     MOV B,A

000B 83                8     MOVC A,@A+PC  

000C F5A0              9     MOV P2,A

000E 1120             10     ACALL DELAY  

0010 18               11     DEC R0 

0011 E8               12     MOV A,R0  

0012 60EC             13     JZ START  

0014 80F0             14     SJMP LABEL

0016 3F               15     DB 3FH  

0017 06               16     DB 06H  

0018 5B               17     DB 5BH  

0019 4F               18     DB 4FH  

001A 66               19     DB 66H  

001B 6D               20     DB 6DH  

001C 7D               21     DB 7DH  

001D 07               22     DB 07H  

001E 7F               23     DB 7FH  

001F 6F               24     DB 6FH  

0020 7C05             25     DELAY: MOV R4,#05H  

0022 7B00             26     WAIT1: MOV R3,#00H

0024 7A00             27     WAIT2: MOV R2,#00H

0026 DAFE             28     WAIT3: DJNZ R2,WAIT3

0028 DBFA             29     DJNZ R3,WAIT2

002A DCF6             30     DJNZ R4,WAIT1

002C 22               31     RET

                      32     END

A51 MACRO ASSEMBLER  7SEGMENT_MODIFIED                                                    10/09/2016 16:40:01 PAGE     2

SYMBOL TABLE LISTING
------ ----- -------


N A M E             T Y P E  V A L U E   ATTRIBUTES

B. . . . . . . . .  D ADDR   00F0H   A   
DELAY. . . . . . .  C ADDR   0020H   A   
LABEL. . . . . . .  C ADDR   0006H   A   
P2 . . . . . . . .  D ADDR   00A0H   A   
START. . . . . . .  C ADDR   0000H   A   
WAIT1. . . . . . .  C ADDR   0022H   A   
WAIT2. . . . . . .  C ADDR   0024H   A   
WAIT3. . . . . . .  C ADDR   0026H   A   


REGISTER BANK(S) USED: 0 


ASSEMBLY COMPLETE.  0 WARNING(S), 0 ERROR(S)
