A51 MACRO ASSEMBLER  QUESTION_2                                                           10/14/2016 22:48:49 PAGE     1


MACRO ASSEMBLER A51 V8.2.5.0
OBJECT MODULE PLACED IN .\Objects\question 2.obj
ASSEMBLER INVOKED BY: C:\Keil_v5\C51\BIN\A51.EXE question 2.a51 SET(SMALL) DEBUG PRINT(.\Listings\question 2.lst) OBJECT
                      (.\Objects\question 2.obj) EP

LOC  OBJ            LINE     SOURCE

0000                   1     ORG 0000H

0000 900200            2     MOV DPTR,#200H  ;load ROM pointer

0003 43800F            3     ORL P0,#0FH     ;internally pull up

0006 53800F            4     ANL P0,#0FH             ; masking of MSB

0009                   5     HERE:

0009 E580              6     MOV A,P0                 ;moving data from port 1 to A

000B 93                7     MOVC A,@A+DPTR   ;index addressing, direct to the rom location of 200H+value of A

000C 80FB              8     JMP HERE         ; to make loop continuous

0200                   9     ORG 200H                ;directive for data byte

0200 00010409         10     DB 0D,1D,4D,9D,16D,25D,36D,49D,64D,81D,100D,121D,144D,169D,196D,225D   ; Look-up table

0204 10192431                
0208 40516479                
020C 90A9C4E1                
                      11     END             ; END program

A51 MACRO ASSEMBLER  QUESTION_2                                                           10/14/2016 22:48:49 PAGE     2

SYMBOL TABLE LISTING
------ ----- -------


N A M E             T Y P E  V A L U E   ATTRIBUTES

HERE . . . . . . .  C ADDR   0009H   A   
P0 . . . . . . . .  D ADDR   0080H   A   


REGISTER BANK(S) USED: 0 


ASSEMBLY COMPLETE.  0 WARNING(S), 0 ERROR(S)
